app/build/intermediates/manifest_merge_blame_file/debug/manifest-merger-blame-debug-report.txt
1<?xml version="1.0" encoding="utf-8"?>
2<manifest xmlns:android="http://schemas.android.com/apk/res/android"
3    package="com.educonnect"
4    android:versionCode="1"
5    android:versionName="1.0" >
6
7    <uses-sdk
8        android:minSdkVersion="26"
9        android:targetSdkVersion="34" />
10
11    <uses-permission android:name="android.permission.INTERNET" />
11-->src\main\AndroidManifest.xml:5:5-67
11-->src\main\AndroidManifest.xml:5:22-64
12    <uses-permission android:name="android.permission.READ_EXTERNAL_STORAGE" />
12-->src\main\AndroidManifest.xml:6:5-80
12-->src\main\AndroidManifest.xml:6:22-77
13    <uses-permission android:name="android.permission.WRITE_EXTERNAL_STORAGE" />
13-->src\main\AndroidManifest.xml:7:5-81
13-->src\main\AndroidManifest.xml:7:22-78
14
15    <permission
15-->[androidx.core:core:1.9.0] AndroidManifest.xml:22:5-24:47
16        android:name="com.educonnect.DYNAMIC_RECEIVER_NOT_EXPORTED_PERMISSION"
16-->[androidx.core:core:1.9.0] AndroidManifest.xml:23:9-81
17        android:protectionLevel="signature" />
17-->[androidx.core:core:1.9.0] AndroidManifest.xml:24:9-44
18
19    <uses-permission android:name="com.educonnect.DYNAMIC_RECEIVER_NOT_EXPORTED_PERMISSION" />
19-->[androidx.core:core:1.9.0] AndroidManifest.xml:26:5-97
19-->[androidx.core:core:1.9.0] AndroidManifest.xml:26:22-94
20
21    <application
21-->src\main\AndroidManifest.xml:9:5-48:19
22        android:allowBackup="true"
22-->src\main\AndroidManifest.xml:10:9-35
23        android:appComponentFactory="androidx.core.app.CoreComponentFactory"
23-->[androidx.core:core:1.9.0] AndroidManifest.xml:28:18-86
24        android:debuggable="true"
25        android:extractNativeLibs="false"
26        android:icon="@mipmap/ic_launcher"
26-->src\main\AndroidManifest.xml:11:9-43
27        android:label="@string/app_name"
27-->src\main\AndroidManifest.xml:12:9-41
28        android:roundIcon="@mipmap/ic_launcher_round"
28-->src\main\AndroidManifest.xml:13:9-54
29        android:supportsRtl="true"
29-->src\main\AndroidManifest.xml:14:9-35
30        android:testOnly="true"
31        android:theme="@style/Theme.EduConnect"
31-->src\main\AndroidManifest.xml:15:9-48
32        android:usesCleartextTraffic="true" >
32-->src\main\AndroidManifest.xml:16:9-44
33        <activity
33-->src\main\AndroidManifest.xml:18:9-25:20
34            android:name="com.educonnect.LoginActivity"
34-->src\main\AndroidManifest.xml:19:13-42
35            android:exported="true" >
35-->src\main\AndroidManifest.xml:20:13-36
36            <intent-filter>
36-->src\main\AndroidManifest.xml:21:13-24:29
37                <action android:name="android.intent.action.MAIN" />
37-->src\main\AndroidManifest.xml:22:17-69
37-->src\main\AndroidManifest.xml:22:25-66
38
39                <category android:name="android.intent.category.LAUNCHER" />
39-->src\main\AndroidManifest.xml:23:17-77
39-->src\main\AndroidManifest.xml:23:27-74
40            </intent-filter>
41        </activity>
42        <activity android:name="com.educonnect.MainActivity" />
42-->src\main\AndroidManifest.xml:27:9-50
42-->src\main\AndroidManifest.xml:27:19-47
43        <activity android:name="com.educonnect.ClassDetailActivity" />
43-->src\main\AndroidManifest.xml:28:9-57
43-->src\main\AndroidManifest.xml:28:19-54
44        <activity android:name="com.educonnect.SubmitAssignmentActivity" />
44-->src\main\AndroidManifest.xml:29:9-62
44-->src\main\AndroidManifest.xml:29:19-59
45        <activity android:name="com.educonnect.AssignmentSubmissionActivity" />
45-->src\main\AndroidManifest.xml:30:9-66
45-->src\main\AndroidManifest.xml:30:19-63
46        <activity android:name="com.educonnect.StudentAssignmentsActivity" />
46-->src\main\AndroidManifest.xml:31:9-64
46-->src\main\AndroidManifest.xml:31:19-61
47        <activity android:name="com.educonnect.CheckGradesActivity" />
47-->src\main\AndroidManifest.xml:32:9-57
47-->src\main\AndroidManifest.xml:32:19-54
48        <activity android:name="com.educonnect.ResourcesActivity" />
48-->src\main\AndroidManifest.xml:33:9-55
48-->src\main\AndroidManifest.xml:33:19-52
49        <activity android:name="com.educonnect.DiscussionActivity" />
49-->src\main\AndroidManifest.xml:34:9-56
49-->src\main\AndroidManifest.xml:34:19-53
50        <activity android:name="com.educonnect.ProfileActivity" />
50-->src\main\AndroidManifest.xml:35:9-53
50-->src\main\AndroidManifest.xml:35:19-50
51        <activity android:name="com.educonnect.StudentMenuActivity" />
51-->src\main\AndroidManifest.xml:36:9-57
51-->src\main\AndroidManifest.xml:36:19-54
52        <activity android:name="com.educonnect.TeacherMenuActivity" />
52-->src\main\AndroidManifest.xml:37:9-57
52-->src\main\AndroidManifest.xml:37:19-54
53        <activity android:name="com.educonnect.TeacherAssignmentsActivity" />
53-->src\main\AndroidManifest.xml:38:9-64
53-->src\main\AndroidManifest.xml:38:19-61
54        <activity android:name="com.educonnect.TeacherResourcesActivity" />
54-->src\main\AndroidManifest.xml:39:9-62
54-->src\main\AndroidManifest.xml:39:19-59
55        <activity android:name="com.educonnect.TeacherDiscussionsActivity" />
55-->src\main\AndroidManifest.xml:40:9-64
55-->src\main\AndroidManifest.xml:40:19-61
56        <activity android:name="com.educonnect.TeacherGradingActivity" />
56-->src\main\AndroidManifest.xml:41:9-60
56-->src\main\AndroidManifest.xml:41:19-57
57        <activity android:name="com.educonnect.CreateAssignmentActivity" />
57-->src\main\AndroidManifest.xml:42:9-62
57-->src\main\AndroidManifest.xml:42:19-59
58        <activity android:name="com.educonnect.CreateResourceActivity" />
58-->src\main\AndroidManifest.xml:43:9-60
58-->src\main\AndroidManifest.xml:43:19-57
59        <activity android:name="com.educonnect.EditResourceActivity" />
59-->src\main\AndroidManifest.xml:44:9-58
59-->src\main\AndroidManifest.xml:44:19-55
60        <activity android:name="com.educonnect.EditAssignmentActivity" />
60-->src\main\AndroidManifest.xml:45:9-60
60-->src\main\AndroidManifest.xml:45:19-57
61        <activity android:name="com.educonnect.GradeSubmissionsActivity" />
61-->src\main\AndroidManifest.xml:46:9-62
61-->src\main\AndroidManifest.xml:46:19-59
62
63        <provider
63-->[androidx.emoji2:emoji2:1.2.0] AndroidManifest.xml:24:9-32:20
64            android:name="androidx.startup.InitializationProvider"
64-->[androidx.emoji2:emoji2:1.2.0] AndroidManifest.xml:25:13-67
65            android:authorities="com.educonnect.androidx-startup"
65-->[androidx.emoji2:emoji2:1.2.0] AndroidManifest.xml:26:13-68
66            android:exported="false" >
66-->[androidx.emoji2:emoji2:1.2.0] AndroidManifest.xml:27:13-37
67            <meta-data
67-->[androidx.emoji2:emoji2:1.2.0] AndroidManifest.xml:29:13-31:52
68                android:name="androidx.emoji2.text.EmojiCompatInitializer"
68-->[androidx.emoji2:emoji2:1.2.0] AndroidManifest.xml:30:17-75
69                android:value="androidx.startup" />
69-->[androidx.emoji2:emoji2:1.2.0] AndroidManifest.xml:31:17-49
70            <meta-data
70-->[androidx.lifecycle:lifecycle-process:2.6.1] AndroidManifest.xml:29:13-31:52
71                android:name="androidx.lifecycle.ProcessLifecycleInitializer"
71-->[androidx.lifecycle:lifecycle-process:2.6.1] AndroidManifest.xml:30:17-78
72                android:value="androidx.startup" />
72-->[androidx.lifecycle:lifecycle-process:2.6.1] AndroidManifest.xml:31:17-49
73            <meta-data
73-->[androidx.profileinstaller:profileinstaller:1.3.0] AndroidManifest.xml:29:13-31:52
74                android:name="androidx.profileinstaller.ProfileInstallerInitializer"
74-->[androidx.profileinstaller:profileinstaller:1.3.0] AndroidManifest.xml:30:17-85
75                android:value="androidx.startup" />
75-->[androidx.profileinstaller:profileinstaller:1.3.0] AndroidManifest.xml:31:17-49
76        </provider>
77
78        <receiver
78-->[androidx.profileinstaller:profileinstaller:1.3.0] AndroidManifest.xml:34:9-52:20
79            android:name="androidx.profileinstaller.ProfileInstallReceiver"
79-->[androidx.profileinstaller:profileinstaller:1.3.0] AndroidManifest.xml:35:13-76
80            android:directBootAware="false"
80-->[androidx.profileinstaller:profileinstaller:1.3.0] AndroidManifest.xml:36:13-44
81            android:enabled="true"
81-->[androidx.profileinstaller:profileinstaller:1.3.0] AndroidManifest.xml:37:13-35
82            android:exported="true"
82-->[androidx.profileinstaller:profileinstaller:1.3.0] AndroidManifest.xml:38:13-36
83            android:permission="android.permission.DUMP" >
83-->[androidx.profileinstaller:profileinstaller:1.3.0] AndroidManifest.xml:39:13-57
84            <intent-filter>
84-->[androidx.profileinstaller:profileinstaller:1.3.0] AndroidManifest.xml:40:13-42:29
85                <action android:name="androidx.profileinstaller.action.INSTALL_PROFILE" />
85-->[androidx.profileinstaller:profileinstaller:1.3.0] AndroidManifest.xml:41:17-91
85-->[androidx.profileinstaller:profileinstaller:1.3.0] AndroidManifest.xml:41:25-88
86            </intent-filter>
87            <intent-filter>
87-->[androidx.profileinstaller:profileinstaller:1.3.0] AndroidManifest.xml:43:13-45:29
88                <action android:name="androidx.profileinstaller.action.SKIP_FILE" />
88-->[androidx.profileinstaller:profileinstaller:1.3.0] AndroidManifest.xml:44:17-85
88-->[androidx.profileinstaller:profileinstaller:1.3.0] AndroidManifest.xml:44:25-82
89            </intent-filter>
90            <intent-filter>
90-->[androidx.profileinstaller:profileinstaller:1.3.0] AndroidManifest.xml:46:13-48:29
91                <action android:name="androidx.profileinstaller.action.SAVE_PROFILE" />
91-->[androidx.profileinstaller:profileinstaller:1.3.0] AndroidManifest.xml:47:17-88
91-->[androidx.profileinstaller:profileinstaller:1.3.0] AndroidManifest.xml:47:25-85
92            </intent-filter>
93            <intent-filter>
93-->[androidx.profileinstaller:profileinstaller:1.3.0] AndroidManifest.xml:49:13-51:29
94                <action android:name="androidx.profileinstaller.action.BENCHMARK_OPERATION" />
94-->[androidx.profileinstaller:profileinstaller:1.3.0] AndroidManifest.xml:50:17-95
94-->[androidx.profileinstaller:profileinstaller:1.3.0] AndroidManifest.xml:50:25-92
95            </intent-filter>
96        </receiver>
97    </application>
98
99</manifest>